0 info it worked if it ends with ok
1 verbose cli [ '/usr/local/bin/node', '/usr/local/bin/npm', 'publish' ]
2 info using npm@2.11.2
3 info using node@v0.12.6
4 verbose node symlink /usr/local/bin/node
5 verbose publish [ '.' ]
6 silly cache add args [ '.', null ]
7 verbose cache add spec .
8 silly cache add parsed spec { raw: '.',
8 silly cache add   scope: null,
8 silly cache add   name: null,
8 silly cache add   rawSpec: '.',
8 silly cache add   spec: '/private/tmp/trunk',
8 silly cache add   type: 'directory' }
9 verbose addLocalDirectory /Users/jerome/.npm/trunk/1.0.2/package.tgz not in flight; packing
10 verbose tar pack [ '/Users/jerome/.npm/trunk/1.0.2/package.tgz',
10 verbose tar pack   '/private/tmp/trunk' ]
11 verbose tarball /Users/jerome/.npm/trunk/1.0.2/package.tgz
12 verbose folder /private/tmp/trunk
13 info prepublish trunk@1.0.2
14 verbose addLocalTarball adding from inside cache /Users/jerome/.npm/trunk/1.0.2/package.tgz
15 silly cache afterAdd trunk@1.0.2
16 verbose afterAdd /Users/jerome/.npm/trunk/1.0.2/package/package.json not in flight; writing
17 verbose afterAdd /Users/jerome/.npm/trunk/1.0.2/package/package.json written
18 silly publish { name: 'trunk',
18 silly publish   version: '1.0.2',
18 silly publish   author: { name: 'Jérôme Schneider / Net Gusto' },
18 silly publish   license: '(MIT OR Apache-2.0)',
18 silly publish   repository:
18 silly publish    { type: 'git',
18 silly publish      url: 'git+https://github.com/netgusto/trunk.git' },
18 silly publish   main: 'dist/trunk.js',
18 silly publish   scripts: { build: '/usr/bin/env sh ./build.sh' },
18 silly publish   dependencies: {},
18 silly publish   devDependencies: { babel: '^5.5.8' },
18 silly publish   readme: '# trunk\nDependency solver / container. Works great with koa.\n',
18 silly publish   readmeFilename: 'README.md',
18 silly publish   gitHead: '0e25147e4eb64b7ffe36d599cef7022e4f269cdb',
18 silly publish   description: 'Dependency solver / container. Works great with koa.',
18 silly publish   bugs: { url: 'https://github.com/netgusto/trunk/issues' },
18 silly publish   homepage: 'https://github.com/netgusto/trunk#readme',
18 silly publish   _id: 'trunk@1.0.2',
18 silly publish   _shasum: '030b41360004c378da30b90018c5c2ef8e23ada9',
18 silly publish   _from: '.' }
19 verbose getPublishConfig undefined
20 silly mapToRegistry name trunk
21 silly mapToRegistry using default registry
22 silly mapToRegistry registry https://registry.npmjs.org/
23 silly mapToRegistry uri https://registry.npmjs.org/trunk
24 verbose publish registryBase https://registry.npmjs.org/
25 silly publish uploading /Users/jerome/.npm/trunk/1.0.2/package.tgz
26 verbose request uri https://registry.npmjs.org/trunk
27 verbose request sending authorization for write operation
28 info attempt registry request try #1 at 12:37:51
29 verbose request using bearer token for auth
30 verbose request id b73a5158550121a4
31 http request PUT https://registry.npmjs.org/trunk
32 http 403 https://registry.npmjs.org/trunk
33 verbose headers { 'content-type': 'application/json',
33 verbose headers   'cache-control': 'max-age=60',
33 verbose headers   'content-length': '95',
33 verbose headers   'accept-ranges': 'bytes',
33 verbose headers   date: 'Wed, 08 Jul 2015 10:37:52 GMT',
33 verbose headers   via: '1.1 varnish',
33 verbose headers   connection: 'keep-alive',
33 verbose headers   'x-served-by': 'cache-fra1238-FRA',
33 verbose headers   'x-cache': 'MISS',
33 verbose headers   'x-cache-hits': '0',
33 verbose headers   'x-timer': 'S1436351872.013093,VS0,VE753' }
34 verbose request invalidating /Users/jerome/.npm/registry.npmjs.org/trunk on PUT
35 error publish Failed PUT 403
36 verbose stack Error: "You cannot publish over the previously published version 1.0.2." : trunk
36 verbose stack     at CachingRegistryClient.<anonymous> (/usr/local/lib/node_modules/npm/node_modules/npm-registry-client/lib/request.js:247:14)
36 verbose stack     at Request._callback (/usr/local/lib/node_modules/npm/node_modules/npm-registry-client/lib/request.js:170:14)
36 verbose stack     at Request.self.callback (/usr/local/lib/node_modules/npm/node_modules/request/request.js:354:22)
36 verbose stack     at Request.emit (events.js:110:17)
36 verbose stack     at Request.<anonymous> (/usr/local/lib/node_modules/npm/node_modules/request/request.js:1207:14)
36 verbose stack     at Request.emit (events.js:129:20)
36 verbose stack     at IncomingMessage.<anonymous> (/usr/local/lib/node_modules/npm/node_modules/request/request.js:1153:12)
36 verbose stack     at IncomingMessage.emit (events.js:129:20)
36 verbose stack     at _stream_readable.js:908:16
36 verbose stack     at process._tickCallback (node.js:355:11)
37 verbose statusCode 403
38 verbose pkgid trunk
39 verbose cwd /private/tmp/trunk
40 error Darwin 14.3.0
41 error argv "/usr/local/bin/node" "/usr/local/bin/npm" "publish"
42 error node v0.12.6
43 error npm  v2.11.2
44 error code E403
45 error "You cannot publish over the previously published version 1.0.2." : trunk
46 error If you need help, you may report this error at:
46 error     <https://github.com/npm/npm/issues>
47 verbose exit [ 1, true ]
